Removed Pin From Net: NetName=P02 Pin=D2-1
Removed Pin From Net: NetName=P02_1 Pin=D3-2
Removed Pin From Net: NetName=P02_1 Pin=R9-2
Removed Pin From Net: NetName=P02 Pin=R12-1
Add Component: Footprint Not Found MOD_BM70BLES1FC2
Add Component: Footprint Not Found RN4871 MODULE-16
Add Component: Footprint Not Found MOD_BM78SPPS5xC2
Add Pin To Net: Unknown Pin: Pin U1-1
Add Pin To Net: Unknown Pin: Pin U1-2
Add Pin To Net: Unknown Pin: Pin U1-3
Add Pin To Net: Unknown Pin: Pin U1-4
Add Pin To Net: Unknown Pin: Pin U1-6
Add Pin To Net: Unknown Pin: Pin U1-7
Add Pin To Net: Unknown Pin: Pin U1-18
Add Pin To Net: Unknown Pin: Pin U1-21
Add Pin To Net: Unknown Pin: Pin U1-30
Add Pin To Net: Unknown Pin: Pin U1-31
Add Pin To Net: Unknown Pin: Pin U1-32
Add Pin To Net: Unknown Pin: Pin U1-33
Add Pin To Net: Unknown Pin: Pin U2-2
Add Pin To Net: Unknown Pin: Pin U2-10
Add Pin To Net: Unknown Pin: Pin U2-12
Add Pin To Net: Unknown Pin: Pin U2-13
Add Pin To Net: Unknown Pin: Pin U2-14
Add Pin To Net: Unknown Pin: Pin U2-16
Add Pin To Net: Unknown Pin: Pin U3-1
Add Pin To Net: Unknown Pin: Pin U3-2
Add Pin To Net: Unknown Pin: Pin U3-3
Add Pin To Net: Unknown Pin: Pin U3-4
Add Pin To Net: Unknown Pin: Pin U3-6
Add Pin To Net: Unknown Pin: Pin U3-7
Add Pin To Net: Unknown Pin: Pin U3-30
Add Pin To Net: Unknown Pin: Pin U3-31
Add Pin To Net: Unknown Pin: Pin U3-32
Add Pin To Net: Unknown Pin: Pin U3-33
Added Pin To Net: NetName=NetD2_1 Pin=D2-1
Added Pin To Net: NetName=NetD2_1 Pin=R12-1
Added Net: Name=NetD2_1
Added Pin To Net: NetName=NetD3_2 Pin=D3-2
Added Pin To Net: NetName=NetD3_2 Pin=R9-2
Added Net: Name=NetD3_2
Add Class Member: Failed to add class member : Component U1 MODULE BM70BLES1FC2
Add Class Member: Failed to add class member : Component U2 RN4871 MODULE
Add Class Member: Failed to add class member : Component U3 MODULE BM78SPPS5xC2
