Remove Pin=U1-5 From Net=P22
Remove Pin=U1-8 From Net=ULPC
Remove Pin=U1-9 From Net=P23
Remove Pin=U1-10 From Net=BK
Remove Pin=U1-11 From Net=P27
Remove Pin=U1-12 From Net=P11
Remove Pin=U1-13 From Net=P12
Remove Pin=U1-14 From Net=P13
Remove Pin=U1-15 From Net=P00
Remove Pin=U1-16 From Net=P10
Remove Pin=U1-17 From Net=P36
Remove Pin=U1-19 From Net=P24
Remove Pin=U1-22 From Net=TX_MCP
Remove Pin=U1-23 From Net=RX_MCP
Remove Pin=U1-24 From Net=P31
Remove Pin=U1-25 From Net=P32
Remove Pin=U1-26 From Net=P33
Remove Pin=U1-27 From Net=P34
Remove Pin=U1-28 From Net=P35
Remove Pin=U1-29 From Net=P07
Remove Pin=U2-3 From Net=P12_1
Remove Pin=U2-4 From Net=P13_1
Remove Pin=U2-5 From Net=P17_1
Remove Pin=U2-6 From Net=P16_1
Remove Pin=U2-7 From Net=TX_MCP
Remove Pin=U2-8 From Net=RX_MCP
Remove Pin=U2-9 From Net=P36_1
Remove Pin=U2-11 From Net=P00_1
Remove Pin=U2-15 From Net=P27_1
Remove Pin=U3-5 From Net=SW_BTN
Remove Pin=U3-9 From Net=BT_WAKE
Remove Pin=U3-18 From Net=P20_2
Remove Pin=U3-19 From Net=P2_4
Remove Pin=U3-20 From Net=EAN
Remove Pin=U3-21 From Net=RST_N2
Remove Pin=U3-22 From Net=TX_MCP
Remove Pin=U3-23 From Net=RX_MCP
